{"/home/monpancak/Openclassrooms/AntoineMarseaud_9_03112021/src/constants/routes.js": {"path":"/home/monpancak/Openclassrooms/AntoineMarseaud_9_03112021/src/constants/routes.js","statementMap":{"0":{"start":{"line":6,"column":27},"end":{"line":11,"column":1}},"1":{"start":{"line":13,"column":22},"end":{"line":26,"column":1}},"2":{"start":{"line":14,"column":2},"end":{"line":25,"column":3}},"3":{"start":{"line":16,"column":6},"end":{"line":16,"column":46}},"4":{"start":{"line":18,"column":6},"end":{"line":18,"column":46}},"5":{"start":{"line":20,"column":6},"end":{"line":20,"column":24}},"6":{"start":{"line":22,"column":6},"end":{"line":22,"column":50}},"7":{"start":{"line":24,"column":6},"end":{"line":24,"column":46}}},"fnMap":{"0":{"name":"(anonymous_0)","decl":{"start":{"line":13,"column":22},"end":{"line":13,"column":23}},"loc":{"start":{"line":13,"column":62},"end":{"line":26,"column":1}},"line":13}},"branchMap":{"0":{"loc":{"start":{"line":14,"column":2},"end":{"line":25,"column":3}},"type":"switch","locations":[{"start":{"line":15,"column":4},"end":{"line":16,"column":46}},{"start":{"line":17,"column":4},"end":{"line":18,"column":46}},{"start":{"line":19,"column":4},"end":{"line":20,"column":24}},{"start":{"line":21,"column":4},"end":{"line":22,"column":50}},{"start":{"line":23,"column":4},"end":{"line":24,"column":46}}],"line":14}},"s":{"0":6,"1":6,"2":22,"3":3,"4":7,"5":4,"6":5,"7":3},"f":{"0":22},"b":{"0":[3,7,4,5,3]},"_coverageSchema":"1a1c01bbd47fc00a2c39e90264f33305004495a9","hash":"4abfe234398c3ac27974b0026cf8c0c72856388b"}
,"/home/monpancak/Openclassrooms/AntoineMarseaud_9_03112021/src/constants/usersTest.js": {"path":"/home/monpancak/Openclassrooms/AntoineMarseaud_9_03112021/src/constants/usersTest.js","statementMap":{},"fnMap":{},"branchMap":{},"s":{},"f":{},"b":{},"_coverageSchema":"1a1c01bbd47fc00a2c39e90264f33305004495a9","hash":"8712a96395a756f0291b1783d0cc274611e85814"}
,"/home/monpancak/Openclassrooms/AntoineMarseaud_9_03112021/src/containers/Bills.js": {"path":"/home/monpancak/Openclassrooms/AntoineMarseaud_9_03112021/src/containers/Bills.js","statementMap":{"0":{"start":{"line":7,"column":4},"end":{"line":7,"column":28}},"1":{"start":{"line":8,"column":4},"end":{"line":8,"column":32}},"2":{"start":{"line":9,"column":4},"end":{"line":9,"column":30}},"3":{"start":{"line":10,"column":26},"end":{"line":10,"column":86}},"4":{"start":{"line":11,"column":4},"end":{"line":11,"column":69}},"5":{"start":{"line":12,"column":20},"end":{"line":12,"column":76}},"6":{"start":{"line":13,"column":4},"end":{"line":15,"column":6}},"7":{"start":{"line":14,"column":6},"end":{"line":14,"column":61}},"8":{"start":{"line":16,"column":4},"end":{"line":16,"column":54}},"9":{"start":{"line":19,"column":23},"end":{"line":21,"column":3}},"10":{"start":{"line":20,"column":4},"end":{"line":20,"column":43}},"11":{"start":{"line":23,"column":23},"end":{"line":28,"column":3}},"12":{"start":{"line":24,"column":20},"end":{"line":24,"column":65}},"13":{"start":{"line":25,"column":21},"end":{"line":25,"column":63}},"14":{"start":{"line":26,"column":4},"end":{"line":26,"column":128}},"15":{"start":{"line":27,"column":4},"end":{"line":27,"column":84}},"16":{"start":{"line":27,"column":54},"end":{"line":27,"column":84}}},"fnMap":{"0":{"name":"(anonymous_0)","decl":{"start":{"line":6,"column":2},"end":{"line":6,"column":3}},"loc":{"start":{"line":6,"column":65},"end":{"line":17,"column":3}},"line":6},"1":{"name":"(anonymous_1)","decl":{"start":{"line":13,"column":21},"end":{"line":13,"column":22}},"loc":{"start":{"line":13,"column":29},"end":{"line":15,"column":5}},"line":13},"2":{"name":"(anonymous_2)","decl":{"start":{"line":19,"column":23},"end":{"line":19,"column":24}},"loc":{"start":{"line":19,"column":28},"end":{"line":21,"column":3}},"line":19},"3":{"name":"(anonymous_3)","decl":{"start":{"line":23,"column":23},"end":{"line":23,"column":24}},"loc":{"start":{"line":23,"column":30},"end":{"line":28,"column":3}},"line":23}},"branchMap":{"0":{"loc":{"start":{"line":27,"column":4},"end":{"line":27,"column":84}},"type":"if","locations":[{"start":{"line":27,"column":4},"end":{"line":27,"column":84}},{"start":{"line":27,"column":4},"end":{"line":27,"column":84}}],"line":27}},"s":{"0":3,"1":3,"2":3,"3":3,"4":3,"5":3,"6":3,"7":8,"8":3,"9":3,"10":2,"11":3,"12":2,"13":2,"14":2,"15":2,"16":0},"f":{"0":3,"1":8,"2":2,"3":2},"b":{"0":[0,2]},"_coverageSchema":"1a1c01bbd47fc00a2c39e90264f33305004495a9","hash":"0ebdf0986343e138a3d40e2400f051e4bd5907bc"}
,"/home/monpancak/Openclassrooms/AntoineMarseaud_9_03112021/src/containers/Dashboard.js": {"path":"/home/monpancak/Openclassrooms/AntoineMarseaud_9_03112021/src/containers/Dashboard.js","statementMap":{"0":{"start":{"line":8,"column":29},"end":{"line":27,"column":1}},"1":{"start":{"line":9,"column":2},"end":{"line":26,"column":11}},"2":{"start":{"line":15,"column":6},"end":{"line":23,"column":7}},"3":{"start":{"line":16,"column":8},"end":{"line":16,"column":50}},"4":{"start":{"line":19,"column":26},"end":{"line":19,"column":72}},"5":{"start":{"line":20,"column":8},"end":{"line":22,"column":57}},"6":{"start":{"line":25,"column":6},"end":{"line":25,"column":28}},"7":{"start":{"line":29,"column":20},"end":{"line":52,"column":1}},"8":{"start":{"line":30,"column":28},"end":{"line":30,"column":52}},"9":{"start":{"line":31,"column":20},"end":{"line":32,"column":40}},"10":{"start":{"line":33,"column":19},"end":{"line":34,"column":53}},"11":{"start":{"line":36,"column":2},"end":{"line":51,"column":4}},"12":{"start":{"line":54,"column":21},"end":{"line":56,"column":1}},"13":{"start":{"line":55,"column":2},"end":{"line":55,"column":76}},"14":{"start":{"line":55,"column":51},"end":{"line":55,"column":61}},"15":{"start":{"line":60,"column":4},"end":{"line":60,"column":28}},"16":{"start":{"line":61,"column":4},"end":{"line":61,"column":32}},"17":{"start":{"line":62,"column":4},"end":{"line":62,"column":30}},"18":{"start":{"line":63,"column":4},"end":{"line":63,"column":86}},"19":{"start":{"line":63,"column":42},"end":{"line":63,"column":85}},"20":{"start":{"line":64,"column":4},"end":{"line":64,"column":88}},"21":{"start":{"line":64,"column":43},"end":{"line":64,"column":87}},"22":{"start":{"line":65,"column":4},"end":{"line":65,"column":86}},"23":{"start":{"line":65,"column":42},"end":{"line":65,"column":85}},"24":{"start":{"line":66,"column":4},"end":{"line":66,"column":27}},"25":{"start":{"line":67,"column":4},"end":{"line":67,"column":44}},"26":{"start":{"line":70,"column":23},"end":{"line":75,"column":3}},"27":{"start":{"line":71,"column":20},"end":{"line":71,"column":58}},"28":{"start":{"line":72,"column":21},"end":{"line":72,"column":69}},"29":{"start":{"line":73,"column":4},"end":{"line":73,"column":134}},"30":{"start":{"line":74,"column":4},"end":{"line":74,"column":96}},"31":{"start":{"line":74,"column":60},"end":{"line":74,"column":96}},"32":{"start":{"line":78,"column":19},"end":{"line":78,"column":34}},"33":{"start":{"line":80,"column":4},"end":{"line":96,"column":5}},"34":{"start":{"line":81,"column":6},"end":{"line":83,"column":8}},"35":{"start":{"line":82,"column":8},"end":{"line":82,"column":81}},"36":{"start":{"line":84,"column":6},"end":{"line":84,"column":34}},"37":{"start":{"line":85,"column":6},"end":{"line":85,"column":62}},"38":{"start":{"line":86,"column":6},"end":{"line":86,"column":69}},"39":{"start":{"line":89,"column":6},"end":{"line":89,"column":37}},"40":{"start":{"line":90,"column":6},"end":{"line":90,"column":62}},"41":{"start":{"line":92,"column":6},"end":{"line":94,"column":8}},"42":{"start":{"line":97,"column":4},"end":{"line":97,"column":51}},"43":{"start":{"line":98,"column":4},"end":{"line":98,"column":72}},"44":{"start":{"line":98,"column":39},"end":{"line":98,"column":71}},"45":{"start":{"line":99,"column":4},"end":{"line":99,"column":72}},"46":{"start":{"line":99,"column":39},"end":{"line":99,"column":71}},"47":{"start":{"line":102,"column":23},"end":{"line":110,"column":3}},"48":{"start":{"line":103,"column":20},"end":{"line":107,"column":5}},"49":{"start":{"line":108,"column":4},"end":{"line":108,"column":28}},"50":{"start":{"line":109,"column":4},"end":{"line":109,"column":45}},"51":{"start":{"line":112,"column":23},"end":{"line":120,"column":3}},"52":{"start":{"line":113,"column":20},"end":{"line":117,"column":5}},"53":{"start":{"line":118,"column":4},"end":{"line":118,"column":28}},"54":{"start":{"line":119,"column":4},"end":{"line":119,"column":45}},"55":{"start":{"line":123,"column":19},"end":{"line":123,"column":34}},"56":{"start":{"line":124,"column":28},"end":{"line":124,"column":58}},"57":{"start":{"line":126,"column":4},"end":{"line":139,"column":5}},"58":{"start":{"line":127,"column":6},"end":{"line":127,"column":34}},"59":{"start":{"line":128,"column":6},"end":{"line":128,"column":68}},"60":{"start":{"line":129,"column":6},"end":{"line":130,"column":37}},"61":{"start":{"line":131,"column":6},"end":{"line":133,"column":8}},"62":{"start":{"line":132,"column":8},"end":{"line":132,"column":85}},"63":{"start":{"line":132,"column":47},"end":{"line":132,"column":84}},"64":{"start":{"line":135,"column":6},"end":{"line":135,"column":37}},"65":{"start":{"line":136,"column":6},"end":{"line":136,"column":69}},"66":{"start":{"line":137,"column":6},"end":{"line":138,"column":17}},"67":{"start":{"line":143,"column":21},"end":{"line":160,"column":3}},"68":{"start":{"line":144,"column":4},"end":{"line":159,"column":5}},"69":{"start":{"line":145,"column":6},"end":{"line":158,"column":25}},"70":{"start":{"line":149,"column":22},"end":{"line":155,"column":11}},"71":{"start":{"line":150,"column":21},"end":{"line":155,"column":9}},"72":{"start":{"line":156,"column":8},"end":{"line":156,"column":20}}},"fnMap":{"0":{"name":"(anonymous_0)","decl":{"start":{"line":8,"column":29},"end":{"line":8,"column":30}},"loc":{"start":{"line":8,"column":47},"end":{"line":27,"column":1}},"line":8},"1":{"name":"(anonymous_1)","decl":{"start":{"line":10,"column":16},"end":{"line":10,"column":17}},"loc":{"start":{"line":10,"column":24},"end":{"line":26,"column":5}},"line":10},"2":{"name":"(anonymous_2)","decl":{"start":{"line":29,"column":20},"end":{"line":29,"column":21}},"loc":{"start":{"line":29,"column":30},"end":{"line":52,"column":1}},"line":29},"3":{"name":"(anonymous_3)","decl":{"start":{"line":54,"column":21},"end":{"line":54,"column":22}},"loc":{"start":{"line":54,"column":32},"end":{"line":56,"column":1}},"line":54},"4":{"name":"(anonymous_4)","decl":{"start":{"line":55,"column":43},"end":{"line":55,"column":44}},"loc":{"start":{"line":55,"column":51},"end":{"line":55,"column":61}},"line":55},"5":{"name":"(anonymous_5)","decl":{"start":{"line":59,"column":2},"end":{"line":59,"column":3}},"loc":{"start":{"line":59,"column":72},"end":{"line":68,"column":3}},"line":59},"6":{"name":"(anonymous_6)","decl":{"start":{"line":63,"column":35},"end":{"line":63,"column":36}},"loc":{"start":{"line":63,"column":42},"end":{"line":63,"column":85}},"line":63},"7":{"name":"(anonymous_7)","decl":{"start":{"line":64,"column":36},"end":{"line":64,"column":37}},"loc":{"start":{"line":64,"column":43},"end":{"line":64,"column":87}},"line":64},"8":{"name":"(anonymous_8)","decl":{"start":{"line":65,"column":35},"end":{"line":65,"column":36}},"loc":{"start":{"line":65,"column":42},"end":{"line":65,"column":85}},"line":65},"9":{"name":"(anonymous_9)","decl":{"start":{"line":70,"column":23},"end":{"line":70,"column":24}},"loc":{"start":{"line":70,"column":29},"end":{"line":75,"column":3}},"line":70},"10":{"name":"(anonymous_10)","decl":{"start":{"line":77,"column":2},"end":{"line":77,"column":3}},"loc":{"start":{"line":77,"column":35},"end":{"line":100,"column":3}},"line":77},"11":{"name":"(anonymous_11)","decl":{"start":{"line":81,"column":20},"end":{"line":81,"column":21}},"loc":{"start":{"line":81,"column":25},"end":{"line":83,"column":7}},"line":81},"12":{"name":"(anonymous_12)","decl":{"start":{"line":98,"column":32},"end":{"line":98,"column":33}},"loc":{"start":{"line":98,"column":39},"end":{"line":98,"column":71}},"line":98},"13":{"name":"(anonymous_13)","decl":{"start":{"line":99,"column":32},"end":{"line":99,"column":33}},"loc":{"start":{"line":99,"column":39},"end":{"line":99,"column":71}},"line":99},"14":{"name":"(anonymous_14)","decl":{"start":{"line":102,"column":23},"end":{"line":102,"column":24}},"loc":{"start":{"line":102,"column":36},"end":{"line":110,"column":3}},"line":102},"15":{"name":"(anonymous_15)","decl":{"start":{"line":112,"column":23},"end":{"line":112,"column":24}},"loc":{"start":{"line":112,"column":36},"end":{"line":120,"column":3}},"line":112},"16":{"name":"(anonymous_16)","decl":{"start":{"line":122,"column":2},"end":{"line":122,"column":3}},"loc":{"start":{"line":122,"column":40},"end":{"line":140,"column":3}},"line":122},"17":{"name":"(anonymous_17)","decl":{"start":{"line":131,"column":30},"end":{"line":131,"column":31}},"loc":{"start":{"line":131,"column":38},"end":{"line":133,"column":7}},"line":131},"18":{"name":"(anonymous_18)","decl":{"start":{"line":132,"column":40},"end":{"line":132,"column":41}},"loc":{"start":{"line":132,"column":47},"end":{"line":132,"column":84}},"line":132},"19":{"name":"(anonymous_19)","decl":{"start":{"line":143,"column":21},"end":{"line":143,"column":22}},"loc":{"start":{"line":143,"column":27},"end":{"line":160,"column":3}},"line":143},"20":{"name":"(anonymous_20)","decl":{"start":{"line":148,"column":12},"end":{"line":148,"column":13}},"loc":{"start":{"line":148,"column":24},"end":{"line":157,"column":7}},"line":148},"21":{"name":"(anonymous_21)","decl":{"start":{"line":150,"column":13},"end":{"line":150,"column":14}},"loc":{"start":{"line":150,"column":21},"end":{"line":155,"column":9}},"line":150}},"branchMap":{"0":{"loc":{"start":{"line":9,"column":9},"end":{"line":26,"column":11}},"type":"cond-expr","locations":[{"start":{"line":10,"column":4},"end":{"line":26,"column":6}},{"start":{"line":26,"column":9},"end":{"line":26,"column":11}}],"line":9},"1":{"loc":{"start":{"line":9,"column":10},"end":{"line":9,"column":29}},"type":"binary-expr","locations":[{"start":{"line":9,"column":10},"end":{"line":9,"column":14}},{"start":{"line":9,"column":18},"end":{"line":9,"column":29}}],"line":9},"2":{"loc":{"start":{"line":15,"column":6},"end":{"line":23,"column":7}},"type":"if","locations":[{"start":{"line":15,"column":6},"end":{"line":23,"column":7}},{"start":{"line":15,"column":6},"end":{"line":23,"column":7}}],"line":15},"3":{"loc":{"start":{"line":21,"column":10},"end":{"line":22,"column":57}},"type":"binary-expr","locations":[{"start":{"line":21,"column":11},"end":{"line":21,"column":33}},{"start":{"line":22,"column":10},"end":{"line":22,"column":57}}],"line":21},"4":{"loc":{"start":{"line":31,"column":20},"end":{"line":32,"column":40}},"type":"cond-expr","locations":[{"start":{"line":32,"column":4},"end":{"line":32,"column":35}},{"start":{"line":32,"column":38},"end":{"line":32,"column":40}}],"line":31},"5":{"loc":{"start":{"line":33,"column":19},"end":{"line":34,"column":53}},"type":"cond-expr","locations":[{"start":{"line":34,"column":2},"end":{"line":34,"column":33}},{"start":{"line":34,"column":36},"end":{"line":34,"column":53}}],"line":33},"6":{"loc":{"start":{"line":47,"column":17},"end":{"line":47,"column":67}},"type":"cond-expr","locations":[{"start":{"line":47,"column":29},"end":{"line":47,"column":50}},{"start":{"line":47,"column":53},"end":{"line":47,"column":67}}],"line":47},"7":{"loc":{"start":{"line":55,"column":9},"end":{"line":55,"column":76}},"type":"cond-expr","locations":[{"start":{"line":55,"column":33},"end":{"line":55,"column":71}},{"start":{"line":55,"column":74},"end":{"line":55,"column":76}}],"line":55},"8":{"loc":{"start":{"line":55,"column":9},"end":{"line":55,"column":30}},"type":"binary-expr","locations":[{"start":{"line":55,"column":9},"end":{"line":55,"column":14}},{"start":{"line":55,"column":18},"end":{"line":55,"column":30}}],"line":55},"9":{"loc":{"start":{"line":74,"column":4},"end":{"line":74,"column":96}},"type":"if","locations":[{"start":{"line":74,"column":4},"end":{"line":74,"column":96}},{"start":{"line":74,"column":4},"end":{"line":74,"column":96}}],"line":74},"10":{"loc":{"start":{"line":80,"column":4},"end":{"line":96,"column":5}},"type":"if","locations":[{"start":{"line":80,"column":4},"end":{"line":96,"column":5}},{"start":{"line":80,"column":4},"end":{"line":96,"column":5}}],"line":80},"11":{"loc":{"start":{"line":126,"column":4},"end":{"line":139,"column":5}},"type":"if","locations":[{"start":{"line":126,"column":4},"end":{"line":139,"column":5}},{"start":{"line":126,"column":4},"end":{"line":139,"column":5}}],"line":126},"12":{"loc":{"start":{"line":144,"column":4},"end":{"line":159,"column":5}},"type":"if","locations":[{"start":{"line":144,"column":4},"end":{"line":159,"column":5}},{"start":{"line":144,"column":4},"end":{"line":159,"column":5}}],"line":144}},"s":{"0":6,"1":28,"2":28,"3":28,"4":0,"5":0,"6":28,"7":6,"8":8,"9":8,"10":8,"11":8,"12":6,"13":5,"14":8,"15":5,"16":5,"17":5,"18":5,"19":0,"20":5,"21":0,"22":5,"23":0,"24":5,"25":5,"26":5,"27":1,"28":1,"29":1,"30":1,"31":0,"32":2,"33":2,"34":1,"35":4,"36":1,"37":1,"38":1,"39":1,"40":1,"41":1,"42":2,"43":2,"44":0,"45":2,"46":0,"47":5,"48":1,"49":1,"50":1,"51":5,"52":1,"53":1,"54":1,"55":4,"56":4,"57":4,"58":3,"59":3,"60":3,"61":3,"62":4,"63":0,"64":1,"65":1,"66":1,"67":5,"68":5,"69":0,"70":0,"71":0,"72":0},"f":{"0":28,"1":28,"2":8,"3":5,"4":8,"5":5,"6":0,"7":0,"8":0,"9":1,"10":2,"11":4,"12":0,"13":0,"14":1,"15":1,"16":4,"17":4,"18":0,"19":5,"20":0,"21":0},"b":{"0":[7,21],"1":[28,7],"2":[28,0],"3":[0,0],"4":[0,8],"5":[0,8],"6":[8,0],"7":[4,1],"8":[5,5],"9":[0,1],"10":[1,1],"11":[3,1],"12":[0,5]},"_coverageSchema":"1a1c01bbd47fc00a2c39e90264f33305004495a9","hash":"bbcda7d4f99e544e7da0afdc567fff9cf904aab4"}
,"/home/monpancak/Openclassrooms/AntoineMarseaud_9_03112021/src/containers/Login.js": {"path":"/home/monpancak/Openclassrooms/AntoineMarseaud_9_03112021/src/containers/Login.js","statementMap":{"0":{"start":{"line":3,"column":31},"end":{"line":3,"column":33}},"1":{"start":{"line":8,"column":4},"end":{"line":8,"column":28}},"2":{"start":{"line":9,"column":4},"end":{"line":9,"column":36}},"3":{"start":{"line":10,"column":4},"end":{"line":10,"column":32}},"4":{"start":{"line":11,"column":4},"end":{"line":11,"column":46}},"5":{"start":{"line":12,"column":4},"end":{"line":12,"column":30}},"6":{"start":{"line":13,"column":25},"end":{"line":13,"column":89}},"7":{"start":{"line":14,"column":4},"end":{"line":14,"column":70}},"8":{"start":{"line":15,"column":22},"end":{"line":15,"column":83}},"9":{"start":{"line":16,"column":4},"end":{"line":16,"column":64}},"10":{"start":{"line":18,"column":25},"end":{"line":33,"column":3}},"11":{"start":{"line":19,"column":17},"end":{"line":24,"column":5}},"12":{"start":{"line":25,"column":4},"end":{"line":25,"column":59}},"13":{"start":{"line":26,"column":23},"end":{"line":26,"column":51}},"14":{"start":{"line":27,"column":4},"end":{"line":27,"column":42}},"15":{"start":{"line":27,"column":21},"end":{"line":27,"column":42}},"16":{"start":{"line":28,"column":4},"end":{"line":28,"column":22}},"17":{"start":{"line":29,"column":4},"end":{"line":29,"column":41}},"18":{"start":{"line":30,"column":4},"end":{"line":30,"column":49}},"19":{"start":{"line":31,"column":4},"end":{"line":31,"column":46}},"20":{"start":{"line":32,"column":4},"end":{"line":32,"column":51}},"21":{"start":{"line":35,"column":22},"end":{"line":50,"column":3}},"22":{"start":{"line":36,"column":17},"end":{"line":41,"column":5}},"23":{"start":{"line":42,"column":4},"end":{"line":42,"column":59}},"24":{"start":{"line":43,"column":23},"end":{"line":43,"column":51}},"25":{"start":{"line":44,"column":4},"end":{"line":44,"column":42}},"26":{"start":{"line":44,"column":21},"end":{"line":44,"column":42}},"27":{"start":{"line":45,"column":4},"end":{"line":45,"column":22}},"28":{"start":{"line":46,"column":4},"end":{"line":46,"column":45}},"29":{"start":{"line":47,"column":4},"end":{"line":47,"column":53}},"30":{"start":{"line":48,"column":4},"end":{"line":48,"column":46}},"31":{"start":{"line":49,"column":4},"end":{"line":49,"column":46}},"32":{"start":{"line":53,"column":22},"end":{"line":70,"column":3}},"33":{"start":{"line":54,"column":4},"end":{"line":69,"column":5}},"34":{"start":{"line":55,"column":6},"end":{"line":66,"column":28}},"35":{"start":{"line":59,"column":8},"end":{"line":64,"column":9}},"36":{"start":{"line":60,"column":10},"end":{"line":60,"column":55}},"37":{"start":{"line":61,"column":10},"end":{"line":61,"column":21}},"38":{"start":{"line":63,"column":10},"end":{"line":63,"column":22}},"39":{"start":{"line":66,"column":22},"end":{"line":66,"column":27}},"40":{"start":{"line":68,"column":6},"end":{"line":68,"column":17}}},"fnMap":{"0":{"name":"(anonymous_0)","decl":{"start":{"line":7,"column":2},"end":{"line":7,"column":3}},"loc":{"start":{"line":7,"column":84},"end":{"line":17,"column":3}},"line":7},"1":{"name":"(anonymous_1)","decl":{"start":{"line":18,"column":25},"end":{"line":18,"column":26}},"loc":{"start":{"line":18,"column":30},"end":{"line":33,"column":3}},"line":18},"2":{"name":"(anonymous_2)","decl":{"start":{"line":35,"column":22},"end":{"line":35,"column":23}},"loc":{"start":{"line":35,"column":27},"end":{"line":50,"column":3}},"line":35},"3":{"name":"(anonymous_3)","decl":{"start":{"line":53,"column":22},"end":{"line":53,"column":23}},"loc":{"start":{"line":53,"column":32},"end":{"line":70,"column":3}},"line":53},"4":{"name":"(anonymous_4)","decl":{"start":{"line":58,"column":12},"end":{"line":58,"column":13}},"loc":{"start":{"line":58,"column":21},"end":{"line":65,"column":7}},"line":58},"5":{"name":"(anonymous_5)","decl":{"start":{"line":66,"column":13},"end":{"line":66,"column":14}},"loc":{"start":{"line":66,"column":22},"end":{"line":66,"column":27}},"line":66}},"branchMap":{"0":{"loc":{"start":{"line":27,"column":4},"end":{"line":27,"column":42}},"type":"if","locations":[{"start":{"line":27,"column":4},"end":{"line":27,"column":42}},{"start":{"line":27,"column":4},"end":{"line":27,"column":42}}],"line":27},"1":{"loc":{"start":{"line":44,"column":4},"end":{"line":44,"column":42}},"type":"if","locations":[{"start":{"line":44,"column":4},"end":{"line":44,"column":42}},{"start":{"line":44,"column":4},"end":{"line":44,"column":42}}],"line":44},"2":{"loc":{"start":{"line":54,"column":4},"end":{"line":69,"column":5}},"type":"if","locations":[{"start":{"line":54,"column":4},"end":{"line":69,"column":5}},{"start":{"line":54,"column":4},"end":{"line":69,"column":5}}],"line":54},"3":{"loc":{"start":{"line":59,"column":8},"end":{"line":64,"column":9}},"type":"if","locations":[{"start":{"line":59,"column":8},"end":{"line":64,"column":9}},{"start":{"line":59,"column":8},"end":{"line":64,"column":9}}],"line":59}},"s":{"0":3,"1":2,"2":2,"3":2,"4":2,"5":2,"6":2,"7":2,"8":2,"9":2,"10":2,"11":2,"12":2,"13":2,"14":2,"15":2,"16":2,"17":2,"18":2,"19":2,"20":2,"21":2,"22":2,"23":2,"24":2,"25":2,"26":2,"27":2,"28":2,"29":2,"30":2,"31":2,"32":2,"33":4,"34":0,"35":0,"36":0,"37":0,"38":0,"39":0,"40":4},"f":{"0":2,"1":2,"2":2,"3":4,"4":0,"5":0},"b":{"0":[2,0],"1":[2,0],"2":[0,4],"3":[0,0]},"_coverageSchema":"1a1c01bbd47fc00a2c39e90264f33305004495a9","hash":"76670a7efff6a47d54b1ec82846acfb6ee37a965"}
,"/home/monpancak/Openclassrooms/AntoineMarseaud_9_03112021/src/containers/Logout.js": {"path":"/home/monpancak/Openclassrooms/AntoineMarseaud_9_03112021/src/containers/Logout.js","statementMap":{"0":{"start":{"line":5,"column":4},"end":{"line":5,"column":28}},"1":{"start":{"line":6,"column":4},"end":{"line":6,"column":32}},"2":{"start":{"line":7,"column":4},"end":{"line":7,"column":36}},"3":{"start":{"line":8,"column":4},"end":{"line":8,"column":51}},"4":{"start":{"line":11,"column":16},"end":{"line":14,"column":3}},"5":{"start":{"line":12,"column":4},"end":{"line":12,"column":29}},"6":{"start":{"line":13,"column":4},"end":{"line":13,"column":41}}},"fnMap":{"0":{"name":"(anonymous_0)","decl":{"start":{"line":4,"column":2},"end":{"line":4,"column":3}},"loc":{"start":{"line":4,"column":54},"end":{"line":9,"column":3}},"line":4},"1":{"name":"(anonymous_1)","decl":{"start":{"line":11,"column":16},"end":{"line":11,"column":17}},"loc":{"start":{"line":11,"column":23},"end":{"line":14,"column":3}},"line":11}},"branchMap":{},"s":{"0":12,"1":12,"2":12,"3":12,"4":12,"5":2,"6":2},"f":{"0":12,"1":2},"b":{},"_coverageSchema":"1a1c01bbd47fc00a2c39e90264f33305004495a9","hash":"d68ef1197532981dea29764b606f849ba2f6675c"}
,"/home/monpancak/Openclassrooms/AntoineMarseaud_9_03112021/src/containers/NewBill.js": {"path":"/home/monpancak/Openclassrooms/AntoineMarseaud_9_03112021/src/containers/NewBill.js","statementMap":{"0":{"start":{"line":7,"column":4},"end":{"line":7,"column":28}},"1":{"start":{"line":8,"column":4},"end":{"line":8,"column":32}},"2":{"start":{"line":9,"column":4},"end":{"line":9,"column":30}},"3":{"start":{"line":10,"column":24},"end":{"line":10,"column":88}},"4":{"start":{"line":11,"column":4},"end":{"line":11,"column":61}},"5":{"start":{"line":12,"column":17},"end":{"line":12,"column":73}},"6":{"start":{"line":13,"column":4},"end":{"line":13,"column":58}},"7":{"start":{"line":14,"column":4},"end":{"line":14,"column":23}},"8":{"start":{"line":15,"column":4},"end":{"line":15,"column":24}},"9":{"start":{"line":16,"column":4},"end":{"line":16,"column":54}},"10":{"start":{"line":18,"column":21},"end":{"line":41,"column":3}},"11":{"start":{"line":19,"column":22},"end":{"line":19,"column":78}},"12":{"start":{"line":20,"column":17},"end":{"line":20,"column":35}},"13":{"start":{"line":21,"column":21},"end":{"line":21,"column":48}},"14":{"start":{"line":22,"column":21},"end":{"line":22,"column":48}},"15":{"start":{"line":24,"column":33},"end":{"line":24,"column":67}},"16":{"start":{"line":25,"column":4},"end":{"line":29,"column":5}},"17":{"start":{"line":26,"column":6},"end":{"line":26,"column":26}},"18":{"start":{"line":27,"column":6},"end":{"line":27,"column":160}},"19":{"start":{"line":28,"column":6},"end":{"line":28,"column":12}},"20":{"start":{"line":30,"column":18},"end":{"line":30,"column":55}},"21":{"start":{"line":31,"column":4},"end":{"line":31,"column":55}},"22":{"start":{"line":32,"column":4},"end":{"line":40,"column":8}},"23":{"start":{"line":36,"column":24},"end":{"line":36,"column":53}},"24":{"start":{"line":38,"column":8},"end":{"line":38,"column":26}},"25":{"start":{"line":39,"column":8},"end":{"line":39,"column":32}},"26":{"start":{"line":42,"column":17},"end":{"line":60,"column":3}},"27":{"start":{"line":43,"column":4},"end":{"line":43,"column":22}},"28":{"start":{"line":44,"column":18},"end":{"line":44,"column":64}},"29":{"start":{"line":45,"column":17},"end":{"line":57,"column":5}},"30":{"start":{"line":58,"column":4},"end":{"line":58,"column":25}},"31":{"start":{"line":59,"column":4},"end":{"line":59,"column":41}}},"fnMap":{"0":{"name":"(anonymous_0)","decl":{"start":{"line":6,"column":2},"end":{"line":6,"column":3}},"loc":{"start":{"line":6,"column":65},"end":{"line":17,"column":3}},"line":6},"1":{"name":"(anonymous_1)","decl":{"start":{"line":18,"column":21},"end":{"line":18,"column":22}},"loc":{"start":{"line":18,"column":26},"end":{"line":41,"column":3}},"line":18},"2":{"name":"(anonymous_2)","decl":{"start":{"line":36,"column":12},"end":{"line":36,"column":13}},"loc":{"start":{"line":36,"column":24},"end":{"line":36,"column":53}},"line":36},"3":{"name":"(anonymous_3)","decl":{"start":{"line":37,"column":12},"end":{"line":37,"column":13}},"loc":{"start":{"line":37,"column":19},"end":{"line":40,"column":7}},"line":37},"4":{"name":"(anonymous_4)","decl":{"start":{"line":42,"column":17},"end":{"line":42,"column":18}},"loc":{"start":{"line":42,"column":22},"end":{"line":60,"column":3}},"line":42}},"branchMap":{"0":{"loc":{"start":{"line":25,"column":4},"end":{"line":29,"column":5}},"type":"if","locations":[{"start":{"line":25,"column":4},"end":{"line":29,"column":5}},{"start":{"line":25,"column":4},"end":{"line":29,"column":5}}],"line":25},"1":{"loc":{"start":{"line":31,"column":4},"end":{"line":31,"column":55}},"type":"cond-expr","locations":[{"start":{"line":31,"column":12},"end":{"line":31,"column":50}},{"start":{"line":31,"column":53},"end":{"line":31,"column":55}}],"line":31},"2":{"loc":{"start":{"line":52,"column":11},"end":{"line":52,"column":83}},"type":"binary-expr","locations":[{"start":{"line":52,"column":11},"end":{"line":52,"column":77}},{"start":{"line":52,"column":81},"end":{"line":52,"column":83}}],"line":52}},"s":{"0":3,"1":3,"2":3,"3":3,"4":3,"5":3,"6":3,"7":3,"8":3,"9":3,"10":3,"11":2,"12":2,"13":2,"14":2,"15":2,"16":2,"17":2,"18":2,"19":2,"20":0,"21":0,"22":0,"23":0,"24":0,"25":0,"26":3,"27":2,"28":2,"29":2,"30":2,"31":2},"f":{"0":3,"1":2,"2":0,"3":0,"4":2},"b":{"0":[2,0],"1":[0,0],"2":[2,2]},"_coverageSchema":"1a1c01bbd47fc00a2c39e90264f33305004495a9","hash":"03a97dc91c69de5144161dba42ade3f5ff9f6ce5"}
,"/home/monpancak/Openclassrooms/AntoineMarseaud_9_03112021/src/views/Actions.js": {"path":"/home/monpancak/Openclassrooms/AntoineMarseaud_9_03112021/src/views/Actions.js","statementMap":{"0":{"start":{"line":5,"column":2},"end":{"line":11,"column":3}}},"fnMap":{"0":{"name":"(anonymous_0)","decl":{"start":{"line":4,"column":15},"end":{"line":4,"column":16}},"loc":{"start":{"line":4,"column":28},"end":{"line":12,"column":1}},"line":4}},"branchMap":{},"s":{"0":14},"f":{"0":14},"b":{},"_coverageSchema":"1a1c01bbd47fc00a2c39e90264f33305004495a9","hash":"231ce11cd0f32c79a9beaea470ec4dfd636dd755"}
,"/home/monpancak/Openclassrooms/AntoineMarseaud_9_03112021/src/views/BillsUI.js": {"path":"/home/monpancak/Openclassrooms/AntoineMarseaud_9_03112021/src/views/BillsUI.js","statementMap":{"0":{"start":{"line":7,"column":12},"end":{"line":20,"column":3}},"1":{"start":{"line":8,"column":2},"end":{"line":19,"column":6}},"2":{"start":{"line":22,"column":13},"end":{"line":29,"column":1}},"3":{"start":{"line":23,"column":2},"end":{"line":28,"column":3}},"4":{"start":{"line":24,"column":4},"end":{"line":24,"column":26}},"5":{"start":{"line":26,"column":4},"end":{"line":26,"column":61}},"6":{"start":{"line":26,"column":25},"end":{"line":26,"column":59}},"7":{"start":{"line":27,"column":4},"end":{"line":27,"column":76}},"8":{"start":{"line":27,"column":52},"end":{"line":27,"column":61}},"9":{"start":{"line":33,"column":2},"end":{"line":37,"column":3}},"10":{"start":{"line":34,"column":4},"end":{"line":34,"column":24}},"11":{"start":{"line":35,"column":9},"end":{"line":37,"column":3}},"12":{"start":{"line":36,"column":4},"end":{"line":36,"column":27}},"13":{"start":{"line":39,"column":16},"end":{"line":54,"column":4}},"14":{"start":{"line":39,"column":23},"end":{"line":54,"column":3}},"15":{"start":{"line":56,"column":2},"end":{"line":84,"column":3}}},"fnMap":{"0":{"name":"(anonymous_0)","decl":{"start":{"line":7,"column":12},"end":{"line":7,"column":13}},"loc":{"start":{"line":7,"column":22},"end":{"line":20,"column":3}},"line":7},"1":{"name":"(anonymous_1)","decl":{"start":{"line":22,"column":13},"end":{"line":22,"column":14}},"loc":{"start":{"line":22,"column":23},"end":{"line":29,"column":1}},"line":22},"2":{"name":"(anonymous_2)","decl":{"start":{"line":26,"column":14},"end":{"line":26,"column":15}},"loc":{"start":{"line":26,"column":25},"end":{"line":26,"column":59}},"line":26},"3":{"name":"(anonymous_3)","decl":{"start":{"line":27,"column":44},"end":{"line":27,"column":45}},"loc":{"start":{"line":27,"column":52},"end":{"line":27,"column":61}},"line":27},"4":{"name":"(anonymous_4)","decl":{"start":{"line":31,"column":15},"end":{"line":31,"column":16}},"loc":{"start":{"line":31,"column":52},"end":{"line":85,"column":1}},"line":31},"5":{"name":"(anonymous_5)","decl":{"start":{"line":39,"column":16},"end":{"line":39,"column":17}},"loc":{"start":{"line":39,"column":23},"end":{"line":54,"column":3}},"line":39}},"branchMap":{"0":{"loc":{"start":{"line":23,"column":2},"end":{"line":28,"column":3}},"type":"if","locations":[{"start":{"line":23,"column":2},"end":{"line":28,"column":3}},{"start":{"line":23,"column":2},"end":{"line":28,"column":3}}],"line":23},"1":{"loc":{"start":{"line":26,"column":25},"end":{"line":26,"column":59}},"type":"cond-expr","locations":[{"start":{"line":26,"column":53},"end":{"line":26,"column":54}},{"start":{"line":26,"column":57},"end":{"line":26,"column":59}}],"line":26},"2":{"loc":{"start":{"line":27,"column":11},"end":{"line":27,"column":76}},"type":"cond-expr","locations":[{"start":{"line":27,"column":35},"end":{"line":27,"column":71}},{"start":{"line":27,"column":74},"end":{"line":27,"column":76}}],"line":27},"3":{"loc":{"start":{"line":27,"column":12},"end":{"line":27,"column":31}},"type":"binary-expr","locations":[{"start":{"line":27,"column":12},"end":{"line":27,"column":16}},{"start":{"line":27,"column":20},"end":{"line":27,"column":31}}],"line":27},"4":{"loc":{"start":{"line":33,"column":2},"end":{"line":37,"column":3}},"type":"if","locations":[{"start":{"line":33,"column":2},"end":{"line":37,"column":3}},{"start":{"line":33,"column":2},"end":{"line":37,"column":3}}],"line":33},"5":{"loc":{"start":{"line":35,"column":9},"end":{"line":37,"column":3}},"type":"if","locations":[{"start":{"line":35,"column":9},"end":{"line":37,"column":3}},{"start":{"line":35,"column":9},"end":{"line":37,"column":3}}],"line":35}},"s":{"0":6,"1":12,"2":6,"3":9,"4":4,"5":5,"6":12,"7":4,"8":12,"9":17,"10":2,"11":15,"12":6,"13":9,"14":8,"15":9},"f":{"0":12,"1":9,"2":12,"3":12,"4":17,"5":8},"b":{"0":[4,5],"1":[9,3],"2":[3,1],"3":[4,4],"4":[2,15],"5":[6,9]},"_coverageSchema":"1a1c01bbd47fc00a2c39e90264f33305004495a9","hash":"bcdecacf90ac8e73de41844731913eaa33e8e293"}
,"/home/monpancak/Openclassrooms/AntoineMarseaud_9_03112021/src/views/DashboardFormUI.js": {"path":"/home/monpancak/Openclassrooms/AntoineMarseaud_9_03112021/src/views/DashboardFormUI.js","statementMap":{"0":{"start":{"line":7,"column":21},"end":{"line":22,"column":4}},"1":{"start":{"line":7,"column":28},"end":{"line":22,"column":3}},"2":{"start":{"line":26,"column":2},"end":{"line":101,"column":4}}},"fnMap":{"0":{"name":"(anonymous_0)","decl":{"start":{"line":7,"column":21},"end":{"line":7,"column":22}},"loc":{"start":{"line":7,"column":28},"end":{"line":22,"column":3}},"line":7},"1":{"name":"(anonymous_1)","decl":{"start":{"line":24,"column":15},"end":{"line":24,"column":16}},"loc":{"start":{"line":24,"column":25},"end":{"line":102,"column":1}},"line":24}},"branchMap":{"0":{"loc":{"start":{"line":79,"column":9},"end":{"line":89,"column":9}},"type":"cond-expr","locations":[{"start":{"line":79,"column":38},"end":{"line":84,"column":8}},{"start":{"line":84,"column":13},"end":{"line":89,"column":8}}],"line":79},"1":{"loc":{"start":{"line":92,"column":8},"end":{"line":97,"column":13}},"type":"cond-expr","locations":[{"start":{"line":92,"column":37},"end":{"line":97,"column":7}},{"start":{"line":97,"column":11},"end":{"line":97,"column":13}}],"line":92}},"s":{"0":7,"1":8,"2":8},"f":{"0":8,"1":8},"b":{"0":[5,3],"1":[5,3]},"_coverageSchema":"1a1c01bbd47fc00a2c39e90264f33305004495a9","hash":"d75fbed9276d3688016f4995a6021be00006ba14"}
,"/home/monpancak/Openclassrooms/AntoineMarseaud_9_03112021/src/views/DashboardUI.js": {"path":"/home/monpancak/Openclassrooms/AntoineMarseaud_9_03112021/src/views/DashboardUI.js","statementMap":{"0":{"start":{"line":10,"column":2},"end":{"line":14,"column":3}},"1":{"start":{"line":11,"column":4},"end":{"line":11,"column":24}},"2":{"start":{"line":12,"column":9},"end":{"line":14,"column":3}},"3":{"start":{"line":13,"column":4},"end":{"line":13,"column":27}},"4":{"start":{"line":16,"column":2},"end":{"line":48,"column":3}}},"fnMap":{"0":{"name":"(anonymous_0)","decl":{"start":{"line":8,"column":15},"end":{"line":8,"column":16}},"loc":{"start":{"line":8,"column":45},"end":{"line":49,"column":1}},"line":8}},"branchMap":{"0":{"loc":{"start":{"line":10,"column":2},"end":{"line":14,"column":3}},"type":"if","locations":[{"start":{"line":10,"column":2},"end":{"line":14,"column":3}},{"start":{"line":10,"column":2},"end":{"line":14,"column":3}}],"line":10},"1":{"loc":{"start":{"line":12,"column":9},"end":{"line":14,"column":3}},"type":"if","locations":[{"start":{"line":12,"column":9},"end":{"line":14,"column":3}},{"start":{"line":12,"column":9},"end":{"line":14,"column":3}}],"line":12},"2":{"loc":{"start":{"line":22,"column":45},"end":{"line":22,"column":63}},"type":"binary-expr","locations":[{"start":{"line":22,"column":45},"end":{"line":22,"column":49}},{"start":{"line":22,"column":53},"end":{"line":22,"column":63}}],"line":22},"3":{"loc":{"start":{"line":29,"column":43},"end":{"line":29,"column":61}},"type":"binary-expr","locations":[{"start":{"line":29,"column":43},"end":{"line":29,"column":47}},{"start":{"line":29,"column":51},"end":{"line":29,"column":61}}],"line":29},"4":{"loc":{"start":{"line":36,"column":43},"end":{"line":36,"column":61}},"type":"binary-expr","locations":[{"start":{"line":36,"column":43},"end":{"line":36,"column":47}},{"start":{"line":36,"column":51},"end":{"line":36,"column":61}}],"line":36}},"s":{"0":11,"1":1,"2":10,"3":3,"4":7},"f":{"0":11},"b":{"0":[1,10],"1":[3,7],"2":[7,2],"3":[7,2],"4":[7,2]},"_coverageSchema":"1a1c01bbd47fc00a2c39e90264f33305004495a9","hash":"045470210201eb205381ec1bddc0fb38d86689a7"}
,"/home/monpancak/Openclassrooms/AntoineMarseaud_9_03112021/src/views/ErrorPage.js": {"path":"/home/monpancak/Openclassrooms/AntoineMarseaud_9_03112021/src/views/ErrorPage.js","statementMap":{"0":{"start":{"line":5,"column":2},"end":{"line":16,"column":3}}},"fnMap":{"0":{"name":"(anonymous_0)","decl":{"start":{"line":3,"column":15},"end":{"line":3,"column":16}},"loc":{"start":{"line":3,"column":26},"end":{"line":17,"column":1}},"line":3}},"branchMap":{"0":{"loc":{"start":{"line":13,"column":12},"end":{"line":13,"column":30}},"type":"cond-expr","locations":[{"start":{"line":13,"column":20},"end":{"line":13,"column":25}},{"start":{"line":13,"column":28},"end":{"line":13,"column":30}}],"line":13}},"s":{"0":11},"f":{"0":11},"b":{"0":[10,1]},"_coverageSchema":"1a1c01bbd47fc00a2c39e90264f33305004495a9","hash":"5965ec5cc59158036f41721f082544a67eb07b04"}
,"/home/monpancak/Openclassrooms/AntoineMarseaud_9_03112021/src/views/LoadingPage.js": {"path":"/home/monpancak/Openclassrooms/AntoineMarseaud_9_03112021/src/views/LoadingPage.js","statementMap":{"0":{"start":{"line":5,"column":2},"end":{"line":12,"column":3}}},"fnMap":{"0":{"name":"(anonymous_0)","decl":{"start":{"line":3,"column":15},"end":{"line":3,"column":16}},"loc":{"start":{"line":3,"column":21},"end":{"line":13,"column":1}},"line":3}},"branchMap":{},"s":{"0":4},"f":{"0":4},"b":{},"_coverageSchema":"1a1c01bbd47fc00a2c39e90264f33305004495a9","hash":"9917eb9615cb634a0649c57fcc9317b5a2872c1c"}
,"/home/monpancak/Openclassrooms/AntoineMarseaud_9_03112021/src/views/LoginUI.js": {"path":"/home/monpancak/Openclassrooms/AntoineMarseaud_9_03112021/src/views/LoginUI.js","statementMap":{"0":{"start":{"line":4,"column":2},"end":{"line":46,"column":4}}},"fnMap":{"0":{"name":"(anonymous_0)","decl":{"start":{"line":2,"column":15},"end":{"line":2,"column":16}},"loc":{"start":{"line":2,"column":21},"end":{"line":47,"column":1}},"line":2}},"branchMap":{},"s":{"0":12},"f":{"0":12},"b":{},"_coverageSchema":"1a1c01bbd47fc00a2c39e90264f33305004495a9","hash":"80c1ae7fd865582f3162039b0b84860e2021d8a0"}
,"/home/monpancak/Openclassrooms/AntoineMarseaud_9_03112021/src/views/NewBillUI.js": {"path":"/home/monpancak/Openclassrooms/AntoineMarseaud_9_03112021/src/views/NewBillUI.js","statementMap":{"0":{"start":{"line":5,"column":2},"end":{"line":73,"column":4}}},"fnMap":{"0":{"name":"(anonymous_0)","decl":{"start":{"line":3,"column":15},"end":{"line":3,"column":16}},"loc":{"start":{"line":3,"column":21},"end":{"line":74,"column":1}},"line":3}},"branchMap":{},"s":{"0":6},"f":{"0":6},"b":{},"_coverageSchema":"1a1c01bbd47fc00a2c39e90264f33305004495a9","hash":"41d421b465b674403d876c0d344dfc174d7d10b3"}
,"/home/monpancak/Openclassrooms/AntoineMarseaud_9_03112021/src/views/VerticalLayout.js": {"path":"/home/monpancak/Openclassrooms/AntoineMarseaud_9_03112021/src/views/VerticalLayout.js","statementMap":{"0":{"start":{"line":7,"column":4},"end":{"line":7,"column":51}},"1":{"start":{"line":8,"column":4},"end":{"line":10,"column":5}},"2":{"start":{"line":9,"column":6},"end":{"line":9,"column":29}},"3":{"start":{"line":11,"column":4},"end":{"line":39,"column":5}},"4":{"start":{"line":12,"column":6},"end":{"line":27,"column":7}},"5":{"start":{"line":29,"column":6},"end":{"line":38,"column":7}}},"fnMap":{"0":{"name":"(anonymous_0)","decl":{"start":{"line":5,"column":15},"end":{"line":5,"column":16}},"loc":{"start":{"line":5,"column":27},"end":{"line":40,"column":1}},"line":5}},"branchMap":{"0":{"loc":{"start":{"line":8,"column":4},"end":{"line":10,"column":5}},"type":"if","locations":[{"start":{"line":8,"column":4},"end":{"line":10,"column":5}},{"start":{"line":8,"column":4},"end":{"line":10,"column":5}}],"line":8},"1":{"loc":{"start":{"line":11,"column":4},"end":{"line":39,"column":5}},"type":"if","locations":[{"start":{"line":11,"column":4},"end":{"line":39,"column":5}},{"start":{"line":11,"column":4},"end":{"line":39,"column":5}}],"line":11},"2":{"loc":{"start":{"line":11,"column":8},"end":{"line":11,"column":40}},"type":"binary-expr","locations":[{"start":{"line":11,"column":8},"end":{"line":11,"column":12}},{"start":{"line":11,"column":16},"end":{"line":11,"column":40}}],"line":11}},"s":{"0":38,"1":38,"2":26,"3":38,"4":20,"5":18},"f":{"0":38},"b":{"0":[26,12],"1":[20,18],"2":[38,26]},"_coverageSchema":"1a1c01bbd47fc00a2c39e90264f33305004495a9","hash":"f913ec878efc543250129fdf6eb6f3c2c7a02b95"}
}
