TN:
SF:src/constants/routes.js
FN:13,(anonymous_0)
FNF:1
FNH:1
FNDA:22,(anonymous_0)
DA:6,6
DA:13,6
DA:14,22
DA:16,3
DA:18,7
DA:20,4
DA:22,5
DA:24,3
LF:8
LH:8
BRDA:14,0,0,3
BRDA:14,0,1,7
BRDA:14,0,2,4
BRDA:14,0,3,5
BRDA:14,0,4,3
BRF:5
BRH:5
end_of_record
TN:
SF:src/constants/usersTest.js
FNF:0
FNH:0
LF:0
LH:0
BRF:0
BRH:0
end_of_record
TN:
SF:src/containers/Bills.js
FN:6,(anonymous_0)
FN:13,(anonymous_1)
FN:19,(anonymous_2)
FN:23,(anonymous_3)
FNF:4
FNH:4
FNDA:3,(anonymous_0)
FNDA:8,(anonymous_1)
FNDA:2,(anonymous_2)
FNDA:2,(anonymous_3)
DA:7,3
DA:8,3
DA:9,3
DA:10,3
DA:11,3
DA:12,3
DA:13,3
DA:14,8
DA:16,3
DA:19,3
DA:20,2
DA:23,3
DA:24,2
DA:25,2
DA:26,2
DA:27,2
LF:16
LH:16
BRDA:27,0,0,0
BRDA:27,0,1,2
BRF:2
BRH:1
end_of_record
TN:
SF:src/containers/Dashboard.js
FN:8,(anonymous_0)
FN:10,(anonymous_1)
FN:29,(anonymous_2)
FN:54,(anonymous_3)
FN:55,(anonymous_4)
FN:59,(anonymous_5)
FN:63,(anonymous_6)
FN:64,(anonymous_7)
FN:65,(anonymous_8)
FN:70,(anonymous_9)
FN:77,(anonymous_10)
FN:81,(anonymous_11)
FN:98,(anonymous_12)
FN:99,(anonymous_13)
FN:102,(anonymous_14)
FN:112,(anonymous_15)
FN:122,(anonymous_16)
FN:131,(anonymous_17)
FN:132,(anonymous_18)
FN:143,(anonymous_19)
FN:148,(anonymous_20)
FN:150,(anonymous_21)
FNF:22
FNH:14
FNDA:28,(anonymous_0)
FNDA:28,(anonymous_1)
FNDA:8,(anonymous_2)
FNDA:5,(anonymous_3)
FNDA:8,(anonymous_4)
FNDA:5,(anonymous_5)
FNDA:0,(anonymous_6)
FNDA:0,(anonymous_7)
FNDA:0,(anonymous_8)
FNDA:1,(anonymous_9)
FNDA:2,(anonymous_10)
FNDA:4,(anonymous_11)
FNDA:0,(anonymous_12)
FNDA:0,(anonymous_13)
FNDA:1,(anonymous_14)
FNDA:1,(anonymous_15)
FNDA:4,(anonymous_16)
FNDA:4,(anonymous_17)
FNDA:0,(anonymous_18)
FNDA:5,(anonymous_19)
FNDA:0,(anonymous_20)
FNDA:0,(anonymous_21)
DA:8,6
DA:9,28
DA:15,28
DA:16,28
DA:19,0
DA:20,0
DA:25,28
DA:29,6
DA:30,8
DA:31,8
DA:33,8
DA:36,8
DA:54,6
DA:55,8
DA:60,5
DA:61,5
DA:62,5
DA:63,5
DA:64,5
DA:65,5
DA:66,5
DA:67,5
DA:70,5
DA:71,1
DA:72,1
DA:73,1
DA:74,1
DA:78,2
DA:80,2
DA:81,1
DA:82,4
DA:84,1
DA:85,1
DA:86,1
DA:89,1
DA:90,1
DA:92,1
DA:97,2
DA:98,2
DA:99,2
DA:102,5
DA:103,1
DA:108,1
DA:109,1
DA:112,5
DA:113,1
DA:118,1
DA:119,1
DA:123,4
DA:124,4
DA:126,4
DA:127,3
DA:128,3
DA:129,3
DA:131,3
DA:132,4
DA:135,1
DA:136,1
DA:137,1
DA:143,5
DA:144,5
DA:145,0
DA:149,0
DA:150,0
DA:156,0
LF:65
LH:59
BRDA:9,0,0,7
BRDA:9,0,1,21
BRDA:9,1,0,28
BRDA:9,1,1,7
BRDA:15,2,0,28
BRDA:15,2,1,0
BRDA:21,3,0,0
BRDA:21,3,1,0
BRDA:31,4,0,0
BRDA:31,4,1,8
BRDA:33,5,0,0
BRDA:33,5,1,8
BRDA:47,6,0,8
BRDA:47,6,1,0
BRDA:55,7,0,4
BRDA:55,7,1,1
BRDA:55,8,0,5
BRDA:55,8,1,5
BRDA:74,9,0,0
BRDA:74,9,1,1
BRDA:80,10,0,1
BRDA:80,10,1,1
BRDA:126,11,0,3
BRDA:126,11,1,1
BRDA:144,12,0,0
BRDA:144,12,1,5
BRF:26
BRH:18
end_of_record
TN:
SF:src/containers/Login.js
FN:7,(anonymous_0)
FN:18,(anonymous_1)
FN:35,(anonymous_2)
FN:53,(anonymous_3)
FN:58,(anonymous_4)
FN:66,(anonymous_5)
FNF:6
FNH:4
FNDA:2,(anonymous_0)
FNDA:2,(anonymous_1)
FNDA:2,(anonymous_2)
FNDA:4,(anonymous_3)
FNDA:0,(anonymous_4)
FNDA:0,(anonymous_5)
DA:3,3
DA:8,2
DA:9,2
DA:10,2
DA:11,2
DA:12,2
DA:13,2
DA:14,2
DA:15,2
DA:16,2
DA:18,2
DA:19,2
DA:25,2
DA:26,2
DA:27,2
DA:28,2
DA:29,2
DA:30,2
DA:31,2
DA:32,2
DA:35,2
DA:36,2
DA:42,2
DA:43,2
DA:44,2
DA:45,2
DA:46,2
DA:47,2
DA:48,2
DA:49,2
DA:53,2
DA:54,4
DA:55,0
DA:59,0
DA:60,0
DA:61,0
DA:63,0
DA:66,0
DA:68,4
LF:39
LH:33
BRDA:27,0,0,2
BRDA:27,0,1,0
BRDA:44,1,0,2
BRDA:44,1,1,0
BRDA:54,2,0,0
BRDA:54,2,1,4
BRDA:59,3,0,0
BRDA:59,3,1,0
BRF:8
BRH:3
end_of_record
TN:
SF:src/containers/Logout.js
FN:4,(anonymous_0)
FN:11,(anonymous_1)
FNF:2
FNH:2
FNDA:12,(anonymous_0)
FNDA:2,(anonymous_1)
DA:5,12
DA:6,12
DA:7,12
DA:8,12
DA:11,12
DA:12,2
DA:13,2
LF:7
LH:7
BRF:0
BRH:0
end_of_record
TN:
SF:src/containers/NewBill.js
FN:6,(anonymous_0)
FN:18,(anonymous_1)
FN:36,(anonymous_2)
FN:37,(anonymous_3)
FN:42,(anonymous_4)
FNF:5
FNH:3
FNDA:3,(anonymous_0)
FNDA:2,(anonymous_1)
FNDA:0,(anonymous_2)
FNDA:0,(anonymous_3)
FNDA:2,(anonymous_4)
DA:7,3
DA:8,3
DA:9,3
DA:10,3
DA:11,3
DA:12,3
DA:13,3
DA:14,3
DA:15,3
DA:16,3
DA:18,3
DA:19,2
DA:20,2
DA:21,2
DA:22,2
DA:24,2
DA:25,2
DA:26,2
DA:27,2
DA:28,2
DA:30,0
DA:31,0
DA:32,0
DA:36,0
DA:38,0
DA:39,0
DA:42,3
DA:43,2
DA:44,2
DA:45,2
DA:58,2
DA:59,2
LF:32
LH:26
BRDA:25,0,0,2
BRDA:25,0,1,0
BRDA:31,1,0,0
BRDA:31,1,1,0
BRDA:52,2,0,2
BRDA:52,2,1,2
BRF:6
BRH:3
end_of_record
TN:
SF:src/views/Actions.js
FN:4,(anonymous_0)
FNF:1
FNH:1
FNDA:14,(anonymous_0)
DA:5,14
LF:1
LH:1
BRF:0
BRH:0
end_of_record
TN:
SF:src/views/BillsUI.js
FN:7,(anonymous_0)
FN:22,(anonymous_1)
FN:26,(anonymous_2)
FN:27,(anonymous_3)
FN:31,(anonymous_4)
FN:39,(anonymous_5)
FNF:6
FNH:6
FNDA:12,(anonymous_0)
FNDA:9,(anonymous_1)
FNDA:12,(anonymous_2)
FNDA:12,(anonymous_3)
FNDA:17,(anonymous_4)
FNDA:8,(anonymous_5)
DA:7,6
DA:8,12
DA:22,6
DA:23,9
DA:24,4
DA:26,12
DA:27,12
DA:33,17
DA:34,2
DA:35,15
DA:36,6
DA:39,9
DA:56,9
LF:13
LH:13
BRDA:23,0,0,4
BRDA:23,0,1,5
BRDA:26,1,0,9
BRDA:26,1,1,3
BRDA:27,2,0,3
BRDA:27,2,1,1
BRDA:27,3,0,4
BRDA:27,3,1,4
BRDA:33,4,0,2
BRDA:33,4,1,15
BRDA:35,5,0,6
BRDA:35,5,1,9
BRF:12
BRH:12
end_of_record
TN:
SF:src/views/DashboardFormUI.js
FN:7,(anonymous_0)
FN:24,(anonymous_1)
FNF:2
FNH:2
FNDA:8,(anonymous_0)
FNDA:8,(anonymous_1)
DA:7,8
DA:26,8
LF:2
LH:2
BRDA:79,0,0,5
BRDA:79,0,1,3
BRDA:92,1,0,5
BRDA:92,1,1,3
BRF:4
BRH:4
end_of_record
TN:
SF:src/views/DashboardUI.js
FN:8,(anonymous_0)
FNF:1
FNH:1
FNDA:11,(anonymous_0)
DA:10,11
DA:11,1
DA:12,10
DA:13,3
DA:16,7
LF:5
LH:5
BRDA:10,0,0,1
BRDA:10,0,1,10
BRDA:12,1,0,3
BRDA:12,1,1,7
BRDA:22,2,0,7
BRDA:22,2,1,2
BRDA:29,3,0,7
BRDA:29,3,1,2
BRDA:36,4,0,7
BRDA:36,4,1,2
BRF:10
BRH:10
end_of_record
TN:
SF:src/views/ErrorPage.js
FN:3,(anonymous_0)
FNF:1
FNH:1
FNDA:11,(anonymous_0)
DA:5,11
LF:1
LH:1
BRDA:13,0,0,10
BRDA:13,0,1,1
BRF:2
BRH:2
end_of_record
TN:
SF:src/views/LoadingPage.js
FN:3,(anonymous_0)
FNF:1
FNH:1
FNDA:4,(anonymous_0)
DA:5,4
LF:1
LH:1
BRF:0
BRH:0
end_of_record
TN:
SF:src/views/LoginUI.js
FN:2,(anonymous_0)
FNF:1
FNH:1
FNDA:12,(anonymous_0)
DA:4,12
LF:1
LH:1
BRF:0
BRH:0
end_of_record
TN:
SF:src/views/NewBillUI.js
FN:3,(anonymous_0)
FNF:1
FNH:1
FNDA:6,(anonymous_0)
DA:5,6
LF:1
LH:1
BRF:0
BRH:0
end_of_record
TN:
SF:src/views/VerticalLayout.js
FN:5,(anonymous_0)
FNF:1
FNH:1
FNDA:38,(anonymous_0)
DA:7,38
DA:8,38
DA:9,26
DA:11,38
DA:12,20
DA:29,18
LF:6
LH:6
BRDA:8,0,0,26
BRDA:8,0,1,12
BRDA:11,1,0,20
BRDA:11,1,1,18
BRDA:11,2,0,38
BRDA:11,2,1,26
BRF:6
BRH:6
end_of_record
